<?xml version="1.0" encoding="UTF-8"?>
<!-- Generated by org.testng.reporters.JUnitXMLReporter -->
<testsuite hostname="DESKTOP-RTOOT5Q" ignored="0" name="Default test" tests="1" failures="1" timestamp="2021-04-16T07:57:32 IST" time="11.803" errors="0">
  <testcase name="runScenario" time="10.826" classname="io.cucumber.testng.AbstractTestNGCucumberTests">
    <failure type="java.lang.AssertionError" message="Titles did not match">
      <![CDATA[java.lang.AssertionError: Titles did not match
at org.testng.Assert.fail(Assert.java:97)
at zoho.managers.WebDriverManager.logFailure(WebDriverManager.java:134)
at zoho.pages.HomePage.load(HomePage.java:19)
at zoho.teststeps.Session.zohoLogin(Session.java:22)
at ✽.I am logged in zoho.com(file:///D:/Whizdom-Trainings/Online%20Training%20Workspace/March2021/ZOHOCucumberPOM/src/test/resources/zoho/leads.feature:24)
]]>
    </failure>
  </testcase> <!-- runScenario -->
</testsuite> <!-- Default test -->
