<?xml version="1.0" encoding="UTF-8"?>
<!-- Generated by org.testng.reporters.JUnitReportReporter -->
<testsuite skipped="0" hostname="DESKTOP-RTOOT5Q" name="zoho.runner.MyRunner" tests="1" failures="1" timestamp="2021-04-16T07:57:33 IST" time="10.826" errors="0">
  <testcase name="runScenario" time="10.826" classname="zoho.runner.MyRunner">
    <failure type="java.lang.AssertionError" message="Titles did not match">
      <![CDATA[java.lang.AssertionError: Titles did not match
at org.testng.Assert.fail(Assert.java:97)
at zoho.managers.WebDriverManager.logFailure(WebDriverManager.java:134)
at zoho.pages.HomePage.load(HomePage.java:19)
at zoho.teststeps.Session.zohoLogin(Session.java:22)
at ✽.I am logged in zoho.com(file:///D:/Whizdom-Trainings/Online%20Training%20Workspace/March2021/ZOHOCucumberPOM/src/test/resources/zoho/leads.feature:24)
]]>
    </failure>
  </testcase> <!-- runScenario -->
  <system-out/>
</testsuite> <!-- zoho.runner.MyRunner -->
